------------------------------------------------
Total value: 38014
Total cost: 31614

0  305 205
1  101 1
2  219 119
4  287 187
5  467 367
6  1097 997
7  790 690
10  447 347
11  974 874
13  222 122
17  923 823
22  775 675
23  425 325
24  1070 970
25  1100 1000
29  223 123
32  461 361
33  405 305
34  898 798
35  147 47
37  745 645
39  239 139
42  750 650
45  200 100
47  727 627
56  818 718
57  201 101
58  199 99
60  709 609
61  851 751
62  919 819
63  630 530
68  326 226
69  868 768
70  341 241
71  131 31
72  684 584
74  448 348
78  278 178
80  741 641
81  510 410
84  350 250
85  924 824
88  201 101
89  572 472
91  822 722
92  187 87
95  471 371
96  967 867
98  154 54
102  1089 989
103  694 594
106  697 597
109  1021 921
113  212 112
114  182 82
115  1059 959
116  396 296
117  492 392
118  902 802
119  809 709
122  1043 943
124  1097 997
127  1022 922

