------------------------------------------------
Total value: 3082537
Total cost: 2581537

1  1001 1
8  2022 1022
10  9347 8347
11  7874 6874
14  9730 8730
15  4486 3486
16  1705 705
19  9463 8463
24  10970 9970
25  5000 4000
26  10407 9407
28  5276 4276
29  3123 2123
30  8331 7331
31  8356 7356
33  9305 8305
34  6798 5798
35  7047 6047
36  1427 427
37  10645 9645
39  9139 8139
43  4211 3211
44  7010 6010
45  9100 8100
46  6838 5838
52  7137 6137
53  7475 6475
56  8718 7718
57  3101 2101
59  5281 4281
62  10819 9819
63  4530 3530
65  10240 9240
66  1975 975
67  7248 6248
68  8226 7226
73  8613 7613
82  7898 6898
83  9157 8157
87  9242 8242
88  7101 6101
89  4472 3472
91  10722 9722
98  3054 2054
100  2509 1509
103  6594 5594
104  10129 9129
106  9597 8597
108  3513 2513
109  9921 8921
110  4201 3201
111  10537 9537
114  5082 4082
115  3959 2959
116  1296 296
118  6802 5802
120  4537 3537
121  2940 1940
123  8943 7943
125  1079 79
129  9361 8361
130  8551 7551
131  4947 3947
135  10937 9937
139  10872 9872
141  5636 4636
142  6752 5752
146  2542 1542
147  10141 9141
148  10576 9576
149  7111 6111
151  1588 588
152  10504 9504
159  5723 4723
160  2770 1770
163  5829 4829
165  8487 7487
166  7885 6885
168  5239 4239
174  2923 1923
175  2056 1056
177  5977 4977
181  7689 6689
184  3116 2116
185  9809 8809
189  6686 5686
192  3341 2341
194  4545 3545
195  1784 784
199  7223 6223
200  3260 2260
201  6541 5541
206  10462 9462
207  9062 8062
208  8062 7062
209  7205 6205
210  9203 8203
211  7152 6152
213  7913 6913
214  9160 8160
215  1267 267
216  10747 9747
218  1174 174
221  7174 6174
222  1114 114
223  5939 4939
224  10412 9412
226  6905 5905
227  1056 56
229  6381 5381
230  2369 1369
231  6551 5551
232  6525 5525
235  7812 6812
237  2753 1753
238  9149 8149
240  4764 3764
242  10396 9396
244  5905 4905
245  9725 8725
247  6330 5330
248  1384 384
249  3115 2115
250  7981 6981
251  6038 5038
252  6483 5483
253  5445 4445
254  5176 4176
255  2619 1619
257  9648 8648
258  7891 6891
259  4896 3896
260  6446 5446
261  9658 8658
263  6306 5306
264  7646 6646
266  10229 9229
267  7800 6800
269  6612 5612
270  5723 4723
273  10300 9300
274  8329 7329
277  9751 8751
279  5126 4126
281  4603 3603
282  5802 4802
285  6209 5209
287  10308 9308
288  8131 7131
291  7677 6677
292  6290 5290
293  3863 2863
294  1296 296
297  3444 2444
298  1158 158
300  5241 4241
301  8413 7413
311  2507 1507
317  8892 7892
321  5022 4022
325  1866 866
326  1975 975
329  6508 5508
330  10466 9466
331  6243 5243
333  7776 6776
334  1767 767
336  5579 4579
338  2496 1496
339  2662 1662
342  1829 829
343  6654 5654
347  9662 8662
350  10028 9028
353  7554 6554
360  9850 8850
361  5077 4077
362  10237 9237
368  7045 6045
371  6254 5254
375  9921 8921
377  7809 6809
382  5129 4129
383  7062 6062
386  2692 1692
389  5037 4037
390  7035 6035
392  10963 9963
396  5411 4411
397  2067 1067
398  5426 4426
399  10763 9763
401  1568 568
405  7814 6814
406  4248 3248
407  3514 2514
409  7326 6326
410  9922 8922
413  9909 8909
414  2392 1392
415  6192 5192
416  10516 9516
417  8059 7059
421  4678 3678
422  3327 2327
425  6596 5596
426  5378 4378
435  3082 2082
436  4680 3680
438  7679 6679
440  4330 3330
445  8360 7360
447  9120 8120
449  10870 9870
450  5698 4698
452  8312 7312
453  4004 3004
456  7158 6158
459  9819 8819
460  7873 6873
461  2958 1958
462  2477 1477
463  7209 6209
466  7681 6681
471  3419 2419
472  9337 8337
474  4134 3134
477  6719 5719
484  2181 1181
485  10859 9859
491  8135 7135
492  9293 8293
494  10090 9090
495  10780 9780
497  2496 1496
498  7516 6516
499  6001 5001
500  4156 3156
502  2011 1011
505  5437 4437
506  1335 335
507  10164 9164
512  4701 3701
514  4409 3409
516  10722 9722
518  10356 9356
520  3833 2833
521  7041 6041
522  7512 6512
523  3033 2033
529  8907 7907
530  9116 8116
534  9400 8400
537  8679 7679
538  8255 7255
539  6228 5228
543  4654 3654
544  4150 3150
545  7048 6048
547  9549 8549
549  2260 1260
550  9851 8851
551  8112 7112
555  5925 4925
556  8386 7386
557  1240 240
558  4791 3791
561  9875 8875
562  7635 6635
566  7050 6050
570  7791 6791
571  4648 3648
572  7093 6093
574  2185 1185
576  5582 4582
578  9002 8002
580  8411 7411
582  9992 8992
586  5962 4962
587  8766 7766
591  3494 2494
593  7147 6147
597  1628 628
598  2037 1037
599  10219 9219
600  3497 2497
601  10837 9837
606  3063 2063
608  9017 8017
609  8109 7109
611  6343 5343
612  10958 9958
614  1985 985
615  4532 3532
618  2608 1608
619  9897 8897
620  1274 274
624  5353 4353
626  7932 6932
628  1446 446
630  3981 2981
631  7176 6176
632  6742 5742
633  5919 4919
634  5883 4883
635  3067 2067
637  2503 1503
642  9155 8155
644  3713 2713
645  7471 6471
646  5080 4080
648  6479 5479
651  6153 5153
653  6140 5140
654  2182 1182
655  6886 5886
656  8645 7645
657  3692 2692
659  10319 9319
660  9950 8950
665  8696 7696
671  6639 5639
672  4009 3009
675  4132 3132
677  3856 2856
678  8883 7883
680  10188 9188
681  8503 7503
683  7539 6539
684  4916 3916
685  6819 5819
687  5126 4126
691  6598 5598
693  1696 696
694  8434 7434
696  4458 3458
698  8637 7637
699  7052 6052
700  2649 1649
701  6652 5652
708  6406 5406
710  4324 3324
711  9313 8313
716  4367 3367
718  7501 6501
719  2806 1806
728  2121 1121
729  3392 2392
730  2584 1584
731  1646 646
733  4114 3114
734  10879 9879
736  10788 9788
737  9989 8989
738  3906 2906
740  10352 9352
741  4131 3131
742  7279 6279
743  3699 2699
746  7951 6951
747  2229 1229
750  1752 752
753  9574 8574
756  9848 8848
757  10674 9674
758  2475 1475
759  7255 6255
760  10662 9662
762  10612 9612
769  3325 2325
773  9550 8550
776  7557 6557
778  3806 2806
780  2776 1776
782  6179 5179
784  6428 5428
786  5857 4857
788  4030 3030
790  6206 5206
793  1070 70
796  3037 2037
797  10314 9314
798  3446 2446
799  6163 5163
801  4119 3119
804  4246 3246
806  9383 8383
807  9661 8661
808  7115 6115
810  2163 1163
811  1741 741
812  7853 6853
813  4541 3541
815  7152 6152
817  10143 9143
818  3227 2227
820  7370 6370
821  8047 7047
829  2787 1787
831  2661 1661
832  4588 3588
833  7320 6320
834  1462 462
835  2815 1815
838  5643 4643
839  1709 709
840  3017 2017
845  2286 1286
851  8743 7743
853  5185 4185
855  5843 4843
856  9898 8898
857  1794 794
861  5233 4233
863  5841 4841
870  3482 2482
872  9042 8042
873  4025 3025
874  3684 2684
875  7547 6547
877  2638 1638
878  1130 130
879  1590 590
880  9904 8904
881  2090 1090
882  8199 7199
883  2506 1506
885  6615 5615
891  10968 9968
892  6659 5659
893  2839 1839
895  6828 5828
896  1834 834
897  1052 52
899  2145 1145
902  5416 4416
903  4263 3263
906  7623 6623
907  1993 993
908  7680 6680
910  5228 4228
911  10859 9859
913  5218 4218
914  7602 6602
915  5535 4535
916  9688 8688
917  9156 8156
918  6228 5228
923  10380 9380
926  9449 8449
930  7914 6914
931  7427 6427
932  9628 8628
935  1336 336
936  8106 7106
937  10244 9244
938  2530 1530
939  8672 7672
940  3535 2535
942  6226 5226
944  6836 5836
946  8037 7037
948  8738 7738
950  5783 4783
951  5736 4736
952  2572 1572
953  2256 1256
954  6087 5087
955  1108 108
957  2153 1153
958  1962 962
964  6678 5678
965  10975 9975
966  7904 6904
967  2972 1972
968  3904 2904
969  2585 1585
970  2424 1424
971  4229 3229
973  5654 4654
975  1469 469
976  3749 2749
979  10770 9770
980  10949 9949
982  7731 6731
984  6539 5539
985  7754 6754
990  2389 1389
994  5546 4546
997  7493 6493
998  10130 9130
999  1208 208
1005  1349 349
1008  4588 3588
1009  9781 8781
1012  4807 3807
1015  5245 4245
1016  8168 7168
1019  1534 534
1021  6108 5108
1022  4381 3381

