------------------------------------------------
Total value: 75402
Total cost: 62402

0  670 570
1  101 1
6  1097 997
7  790 690
9  713 613
10  447 347
11  974 874
12  622 522
14  830 730
17  923 823
23  425 325
24  1070 970
25  1100 1000
26  507 407
28  376 276
29  223 123
31  456 356
33  405 305
35  147 47
38  539 439
39  239 139
41  347 247
44  110 10
49  860 760
50  943 843
51  876 776
52  237 137
53  575 475
55  1037 937
56  818 718
57  201 101
58  199 99
59  381 281
60  709 609
62  919 819
63  630 530
64  197 97
69  868 768
71  131 31
75  981 881
76  575 475
77  467 367
83  257 157
85  924 824
88  201 101
89  572 472
93  875 775
94  752 652
95  471 371
98  154 54
99  985 885
101  304 204
102  1089 989
103  694 594
109  1021 921
111  637 537
113  212 112
114  182 82
116  396 296
122  1043 943
126  742 642
129  461 361
130  651 551
131  1047 947
133  961 861
134  500 400
137  854 754
139  972 872
140  731 631
141  736 636
142  852 752
143  559 459
145  490 390
149  211 111
150  650 550
153  106 6
154  802 702
156  120 20
157  823 723
158  279 179
159  823 723
162  195 95
163  929 829
166  985 885
167  690 590
168  339 239
171  923 823
172  998 898
174  1023 923
175  156 56
176  361 261
179  781 681
183  1033 933
184  216 116
185  909 809
186  603 503
189  786 686
191  566 466
193  456 356
199  323 223
201  641 541
202  297 197
203  161 61
207  162 62
208  162 62
210  303 203
212  369 269
213  1013 913
214  260 160
215  367 267
218  274 174
221  274 174
222  214 114
224  512 412
225  619 519
228  209 109
230  469 369
231  651 551
237  853 753
239  644 544
242  496 396
244  1005 905
245  825 725
248  484 384
249  215 115
250  1081 981
251  138 38
252  583 483
254  276 176
255  719 619

