------------------------------------------------
Total value: 1577897
Total cost: 1330897

0  4701 3701
1  1001 1
7  8690 7690
9  8613 7613
11  7874 6874
14  9730 8730
15  4486 3486
17  10823 9823
18  10232 9232
21  5589 4589
22  10675 9675
23  6325 5325
24  10970 9970
26  10407 9407
27  6776 5776
28  5276 4276
34  6798 5798
36  1427 427
39  9139 8139
40  2091 1091
44  7010 6010
45  9100 8100
46  6838 5838
50  4843 3843
52  7137 6137
55  1937 937
56  8718 7718
58  4099 3099
61  8751 7751
65  10240 9240
67  7248 6248
73  8613 7613
76  8475 7475
78  6178 5178
81  10410 9410
85  5824 4824
87  9242 8242
88  7101 6101
90  4636 3636
92  2087 1087
93  1775 775
95  3371 2371
98  3054 2054
101  7204 6204
103  6594 5594
104  10129 9129
105  8226 7226
106  9597 8597
107  6226 5226
108  3513 2513
110  4201 3201
113  8112 7112
114  5082 4082
116  1296 296
117  1392 392
118  6802 5802
122  3943 2943
125  1079 79
126  8642 7642
127  1922 922
132  8904 7904
133  9861 8861
134  10400 9400
135  10937 9937
139  10872 9872
140  3631 2631
142  6752 5752
143  10459 9459
144  10510 9510
147  10141 9141
148  10576 9576
152  10504 9504
153  9006 8006
156  3020 2020
159  5723 4723
161  1667 667
162  3095 2095
165  8487 7487
167  2590 1590
168  5239 4239
169  9370 8370
170  7037 6037
171  2823 1823
173  8173 7173
175  2056 1056
179  10681 9681
180  1046 46
182  7438 6438
184  3116 2116
187  8587 7587
188  4603 3603
191  7466 6466
192  3341 2341
194  4545 3545
195  1784 784
196  9052 8052
197  8862 7862
198  3810 2810
200  3260 2260
201  6541 5541
202  6197 5197
203  7061 6061
207  9062 8062
209  7205 6205
210  9203 8203
211  7152 6152
212  1269 269
214  9160 8160
216  10747 9747
219  9187 8187
222  1114 114
229  6381 5381
230  2369 1369
231  6551 5551
234  4987 3987
238  9149 8149
245  9725 8725
247  6330 5330
253  5445 4445
254  5176 4176
255  2619 1619
256  1570 570
259  4896 3896
262  5567 4567
263  6306 5306
264  7646 6646
265  10806 9806
266  10229 9229
269  6612 5612
270  5723 4723
273  10300 9300
274  8329 7329
276  7279 6279
278  3253 2253
279  5126 4126
280  4262 3262
281  4603 3603
282  5802 4802
284  7861 6861
285  6209 5209
286  9127 8127
288  8131 7131
292  6290 5290
295  5292 4292
296  1172 172
299  8295 7295
302  10301 9301
303  10072 9072
306  1694 694
307  5981 4981
308  8594 7594
310  8145 7145
313  2715 1715
316  1638 638
318  9645 8645
319  3076 2076
322  4879 3879
325  1866 866
326  1975 975
328  7185 6185
333  7776 6776
335  1326 326
337  6694 5694
338  2496 1496
341  4017 3017
342  1829 829
344  4858 3858
345  2129 1129
349  10123 9123
350  10028 9028
352  1269 269
354  5113 4113
358  8410 7410
361  5077 4077
362  10237 9237
364  10552 9552
368  7045 6045
369  7055 6055
371  6254 5254
372  3722 2722
373  1880 880
374  10710 9710
375  9921 8921
376  9110 8110
377  7809 6809
379  6680 5680
381  9554 8554
382  5129 4129
383  7062 6062
384  9887 8887
386  2692 1692
387  4568 3568
390  7035 6035
395  6211 5211
397  2067 1067
401  1568 568
406  4248 3248
409  7326 6326
410  9922 8922
411  5041 4041
415  6192 5192
416  10516 9516
417  8059 7059
418  8422 7422
419  10352 9352
420  6582 5582
421  4678 3678
426  5378 4378
428  10362 9362
435  3082 2082
436  4680 3680
437  8399 7399
439  4412 3412
440  4330 3330
442  8613 7613
443  7983 6983
444  2345 1345
445  8360 7360
446  7181 6181
447  9120 8120
449  10870 9870
451  2808 1808
454  2122 1122
456  7158 6158
457  9810 8810
462  2477 1477
464  6857 5857
466  7681 6681
468  4003 3003
470  9167 8167
472  9337 8337
473  3504 2504
474  4134 3134
476  9198 8198
480  1151 151
483  8965 7965
484  2181 1181
486  5039 4039
487  6456 5456
491  8135 7135
495  10780 9780
498  7516 6516
502  2011 1011
503  8171 7171
507  10164 9164
508  8074 7074
511  3876 2876

