CPLEX 12.8.0.0: time=600
CPLEX 12.8.0.0: time limit with integer solution; objective 1
49709766 MIP simplex iterations
1161670 branch-and-bound nodes
absmipgap = 1, relmipgap = 1
colors [*,*]
:    0   1   2   3   4   5    :=
0    1   0   0   0   0   0
1    0   0   1   0   0   0
2    0   0   0   0   0   1
3    0   0   0   1   0   0
4    0   0   0   1   0   0
5    0   0   0   0   0   1
6    0   0   1   0   0   0
7    0   0   0   0   1   0
8    0   0   1   0   0   0
9    0   0   0   0   1   0
10   0   0   0   0   1   0
11   0   0   0   0   0   1
12   1   0   0   0   0   0
13   1   0   0   0   0   0
14   1   0   0   0   0   0
15   1   0   0   0   0   0
16   1   0   0   0   0   0
17   1   0   0   0   0   0
18   1   0   0   0   0   0
19   1   0   0   0   0   0
20   1   0   0   0   0   0
21   1   0   0   0   0   0
22   1   0   0   0   0   0
23   0   0   1   0   0   0
24   0   0   1   0   0   0
25   0   0   0   0   1   0
26   0   0   1   0   0   0
27   0   0   0   1   0   0
28   0   0   0   0   1   0
29   0   0   0   0   1   0
30   0   0   0   0   1   0
31   0   0   1   0   0   0
32   0   0   0   0   1   0
33   0   0   0   0   1   0
34   0   0   0   1   0   0
35   1   0   0   0   0   0
36   1   0   0   0   0   0
37   1   0   0   0   0   0
38   1   0   0   0   0   0
39   1   0   0   0   0   0
40   1   0   0   0   0   0
41   1   0   0   0   0   0
42   1   0   0   0   0   0
43   1   0   0   0   0   0
44   1   0   0   0   0   0
45   1   0   0   0   0   0
46   0   0   1   0   0   0
47   0   0   0   0   0   1
48   0   1   0   0   0   0
49   0   1   0   0   0   0
50   0   1   0   0   0   0
51   0   1   0   0   0   0
52   0   1   0   0   0   0
53   0   1   0   0   0   0
54   0   1   0   0   0   0
55   0   1   0   0   0   0
56   0   1   0   0   0   0
57   0   1   0   0   0   0
58   0   1   0   0   0   0
59   1   0   0   0   0   0
60   1   0   0   0   0   0
61   1   0   0   0   0   0
62   1   0   0   0   0   0
63   0   1   0   0   0   0
64   1   0   0   0   0   0
65   1   0   0   0   0   0
66   1   0   0   0   0   0
67   0   1   0   0   0   0
68   1   0   0   0   0   0
69   1   0   0   0   0   0
70   0   1   0   0   0   0
71   0   1   0   0   0   0
72   0   1   0   0   0   0
73   0   1   0   0   0   0
74   0   1   0   0   0   0
75   0   1   0   0   0   0
76   0   1   0   0   0   0
77   0   1   0   0   0   0
78   0   1   0   0   0   0
79   0   1   0   0   0   0
80   0   1   0   0   0   0
81   0   1   0   0   0   0
82   0   1   0   0   0   0
83   1   0   0   0   0   0
84   1   0   0   0   0   0
85   1   0   0   0   0   0
86   1   0   0   0   0   0
87   1   0   0   0   0   0
88   1   0   0   0   0   0
89   0   1   0   0   0   0
90   1   0   0   0   0   0
91   1   0   0   0   0   0
92   1   0   0   0   0   0
93   0   1   0   0   0   0
94   0   1   0   0   0   0
95   0   0   0   1   0   0
;

objective = 1

