CPLEX 12.8.0.0: time=600
CPLEX 12.8.0.0: optimal integer solution; objective 1
40290 MIP simplex iterations
2516 branch-and-bound nodes
No basis.
colors [*,*]
:    0   1   2   3   4    :=
0    0   0   0   0   1
1    0   0   0   1   0
2    1   0   0   0   0
3    0   0   1   0   0
4    0   0   1   0   0
5    1   0   0   0   0
6    0   1   0   0   0
7    0   0   0   0   1
8    0   1   0   0   0
9    0   0   0   0   1
10   0   1   0   0   0
11   1   0   0   0   0
12   0   0   0   1   0
13   0   0   0   0   1
14   0   0   0   1   0
15   0   0   1   0   0
16   0   0   0   1   0
17   0   0   0   1   0
18   0   0   0   0   1
19   0   0   1   0   0
20   0   0   1   0   0
21   0   0   0   0   1
22   1   0   0   0   0
23   0   1   0   0   0
24   0   0   0   1   0
25   0   0   0   0   1
26   0   0   1   0   0
27   0   0   1   0   0
28   1   0   0   0   0
29   0   0   0   1   0
30   0   0   0   0   1
31   0   0   1   0   0
32   0   0   1   0   0
33   0   0   0   0   1
34   1   0   0   0   0
35   0   0   0   1   0
36   0   0   0   0   1
37   0   0   1   0   0
38   0   0   1   0   0
39   0   0   0   1   0
40   0   0   0   0   1
41   0   0   0   0   1
42   0   0   0   0   1
43   0   0   0   0   1
44   0   0   0   1   0
45   0   0   1   0   0
46   1   0   0   0   0
47   0   1   0   0   0
;

objective = 1

