CPLEX 12.8.0.0: time=600
CPLEX 12.8.0.0: time limit with integer solution; objective 4
10907253 MIP simplex iterations
102354 branch-and-bound nodes
absmipgap = 4, relmipgap = 1
colors [*,*]
:     0   1   2   3   4   5    :=
0     0   0   1   0   0   0
1     0   0   0   0   0   1
2     0   0   1   0   0   0
3     0   0   0   0   1   0
4     0   0   1   0   0   0
5     0   0   0   0   0   1
6     0   0   0   0   0   1
7     0   0   1   0   0   0
8     0   0   0   0   1   0
9     0   0   1   0   0   0
10    0   0   0   0   0   1
11    0   0   0   1   0   0
12    0   0   0   0   0   1
13    0   0   0   1   0   0
14    0   0   0   1   0   0
15    0   1   0   0   0   0
16    0   0   0   1   0   0
17    0   0   0   0   1   0
18    1   0   0   0   0   0
19    0   0   0   0   1   0
20    0   0   0   0   1   0
21    0   0   0   0   0   1
22    1   0   0   0   0   0
23    0   0   1   0   0   0
24    0   0   0   0   0   1
25    1   0   0   0   0   0
26    0   0   0   0   1   0
27    1   0   0   0   0   0
28    1   0   0   0   0   0
29    0   0   0   0   1   0
30    0   0   1   0   0   0
31    0   0   0   0   1   0
32    0   0   0   0   1   0
33    0   0   0   0   0   1
34    0   0   0   1   0   0
35    1   0   0   0   0   0
36    1   0   0   0   0   0
37    1   0   0   0   0   0
38    1   0   0   0   0   0
39    1   0   0   0   0   0
40    0   0   0   0   0   1
41    1   0   0   0   0   0
42    1   0   0   0   0   0
43    1   0   0   0   0   0
44    1   0   0   0   0   0
45    1   0   0   0   0   0
46    0   0   1   0   0   0
47    0   0   0   1   0   0
48    0   0   0   0   0   1
49    0   0   1   0   0   0
50    0   0   0   0   1   0
51    0   0   1   0   0   0
52    0   0   0   0   0   1
53    0   0   0   0   1   0
54    0   0   1   0   0   0
55    0   0   0   0   1   0
56    0   0   1   0   0   0
57    0   0   0   0   0   1
58    0   1   0   0   0   0
59    0   0   0   0   0   1
60    1   0   0   0   0   0
61    0   0   0   0   1   0
62    0   1   0   0   0   0
63    0   1   0   0   0   0
64    0   0   0   0   1   0
65    1   0   0   0   0   0
66    0   0   0   0   1   0
67    0   0   0   0   1   0
68    0   0   0   0   0   1
69    1   0   0   0   0   0
70    0   0   1   0   0   0
71    0   0   0   0   0   1
72    0   0   1   0   0   0
73    0   0   0   0   1   0
74    1   0   0   0   0   0
75    1   0   0   0   0   0
76    0   0   0   0   1   0
77    0   0   1   0   0   0
78    0   0   0   0   1   0
79    0   0   1   0   0   0
80    0   0   0   0   0   1
81    0   1   0   0   0   0
82    0   0   0   0   1   0
83    1   0   0   0   0   0
84    1   0   0   0   0   0
85    1   0   0   0   0   0
86    1   0   0   0   0   0
87    0   0   0   0   1   0
88    1   0   0   0   0   0
89    0   0   0   0   1   0
90    1   0   0   0   0   0
91    1   0   0   0   0   0
92    1   0   0   0   0   0
93    0   0   1   0   0   0
94    0   1   0   0   0   0
95    0   0   0   1   0   0
96    0   0   0   0   0   1
97    0   1   0   0   0   0
98    0   0   0   0   1   0
99    0   0   1   0   0   0
100   0   0   0   0   0   1
101   0   0   0   0   0   1
102   0   0   1   0   0   0
103   0   0   0   0   1   0
104   0   0   1   0   0   0
105   0   0   0   0   0   1
106   0   1   0   0   0   0
107   0   0   0   0   0   1
108   1   0   0   0   0   0
109   0   1   0   0   0   0
110   0   1   0   0   0   0
111   0   1   0   0   0   0
112   0   0   0   0   0   1
113   1   0   0   0   0   0
114   0   0   0   0   1   0
115   0   0   0   0   1   0
116   0   0   0   0   0   1
117   1   0   0   0   0   0
118   0   0   1   0   0   0
119   0   0   0   0   0   1
120   0   0   1   0   0   0
121   0   0   0   0   1   0
122   1   0   0   0   0   0
123   0   0   0   0   0   1
124   0   0   0   0   1   0
125   0   0   1   0   0   0
126   0   0   0   0   1   0
127   0   0   1   0   0   0
128   0   0   0   0   0   1
129   0   1   0   0   0   0
130   0   0   0   0   0   1
131   1   0   0   0   0   0
132   1   0   0   0   0   0
133   1   0   0   0   0   0
134   1   0   0   0   0   0
135   1   0   0   0   0   0
136   1   0   0   0   0   0
137   1   0   0   0   0   0
138   1   0   0   0   0   0
139   1   0   0   0   0   0
140   1   0   0   0   0   0
141   0   0   1   0   0   0
142   0   1   0   0   0   0
143   0   0   0   0   0   1
144   0   0   1   0   0   0
145   0   1   0   0   0   0
146   0   1   0   0   0   0
147   0   0   0   0   0   1
148   0   0   0   0   0   1
149   0   1   0   0   0   0
150   0   1   0   0   0   0
151   0   1   0   0   0   0
152   0   0   0   0   0   1
153   0   1   0   0   0   0
154   0   1   0   0   0   0
155   1   0   0   0   0   0
156   0   1   0   0   0   0
157   0   1   0   0   0   0
158   0   0   0   0   0   1
159   0   0   0   0   0   1
160   1   0   0   0   0   0
161   0   1   0   0   0   0
162   0   1   0   0   0   0
163   0   1   0   0   0   0
164   0   1   0   0   0   0
165   0   0   1   0   0   0
166   0   0   0   0   0   1
167   0   0   1   0   0   0
168   0   1   0   0   0   0
169   1   0   0   0   0   0
170   1   0   0   0   0   0
171   0   0   0   0   1   0
172   0   1   0   0   0   0
173   0   0   0   0   1   0
174   0   0   1   0   0   0
175   0   0   0   0   0   1
176   0   1   0   0   0   0
177   1   0   0   0   0   0
178   1   0   0   0   0   0
179   1   0   0   0   0   0
180   1   0   0   0   0   0
181   1   0   0   0   0   0
182   1   0   0   0   0   0
183   0   1   0   0   0   0
184   1   0   0   0   0   0
185   1   0   0   0   0   0
186   1   0   0   0   0   0
187   1   0   0   0   0   0
188   0   0   1   0   0   0
189   0   1   0   0   0   0
190   0   0   0   1   0   0
191   0   0   0   1   0   0
;

objective = 4

