CPLEX 12.8.0.0: time=600
CPLEX 12.8.0.0: optimal integer solution; objective 0
195 MIP simplex iterations
0 branch-and-bound nodes
No basis.
colors [*,*]
:     0   1   2   3   4   5   6   7    :=
0     0   0   0   0   0   0   0   1
1     0   0   0   0   0   0   1   0
2     0   1   0   0   0   0   0   0
3     0   0   0   0   0   0   1   0
4     0   0   0   1   0   0   0   0
5     0   1   0   0   0   0   0   0
6     0   0   0   0   0   1   0   0
7     0   0   0   0   0   1   0   0
8     0   0   0   1   0   0   0   0
9     0   0   0   1   0   0   0   0
10    0   0   0   0   0   1   0   0
11    0   0   0   0   0   0   1   0
12    0   0   0   0   0   0   1   0
13    0   1   0   0   0   0   0   0
14    1   0   0   0   0   0   0   0
15    1   0   0   0   0   0   0   0
16    0   1   0   0   0   0   0   0
17    0   0   0   0   1   0   0   0
18    0   1   0   0   0   0   0   0
19    0   0   0   0   1   0   0   0
20    0   0   0   0   0   1   0   0
21    0   0   0   0   0   1   0   0
22    1   0   0   0   0   0   0   0
23    0   0   0   1   0   0   0   0
24    0   0   0   0   1   0   0   0
25    0   1   0   0   0   0   0   0
26    0   0   0   1   0   0   0   0
27    0   0   0   1   0   0   0   0
28    0   1   0   0   0   0   0   0
29    0   0   1   0   0   0   0   0
30    0   0   1   0   0   0   0   0
31    0   0   0   0   1   0   0   0
32    0   0   1   0   0   0   0   0
33    0   0   1   0   0   0   0   0
34    1   0   0   0   0   0   0   0
35    0   0   0   0   1   0   0   0
36    1   0   0   0   0   0   0   0
37    1   0   0   0   0   0   0   0
38    1   0   0   0   0   0   0   0
39    0   1   0   0   0   0   0   0
40    0   0   1   0   0   0   0   0
41    0   0   1   0   0   0   0   0
42    0   0   1   0   0   0   0   0
43    0   0   1   0   0   0   0   0
44    0   0   0   0   1   0   0   0
45    1   0   0   0   0   0   0   0
46    0   0   0   1   0   0   0   0
47    0   0   0   0   0   0   1   0
48    0   0   0   0   0   0   0   1
49    0   1   0   0   0   0   0   0
50    0   0   0   1   0   0   0   0
51    1   0   0   0   0   0   0   0
52    0   1   0   0   0   0   0   0
53    0   0   0   0   1   0   0   0
54    0   1   0   0   0   0   0   0
55    0   0   0   0   1   0   0   0
56    0   0   0   1   0   0   0   0
57    0   1   0   0   0   0   0   0
58    1   0   0   0   0   0   0   0
59    1   0   0   0   0   0   0   0
60    1   0   0   0   0   0   0   0
61    1   0   0   0   0   0   0   0
62    1   0   0   0   0   0   0   0
63    1   0   0   0   0   0   0   0
64    0   0   0   0   0   0   0   1
65    0   1   0   0   0   0   0   0
66    0   0   0   0   0   0   0   1
67    0   0   0   0   0   0   0   1
68    0   1   0   0   0   0   0   0
69    1   0   0   0   0   0   0   0
70    0   0   0   1   0   0   0   0
71    0   0   0   0   0   0   0   1
72    0   1   0   0   0   0   0   0
73    1   0   0   0   0   0   0   0
74    1   0   0   0   0   0   0   0
75    0   0   0   0   0   0   0   1
76    0   0   1   0   0   0   0   0
77    0   0   1   0   0   0   0   0
78    0   0   1   0   0   0   0   0
79    0   0   1   0   0   0   0   0
80    0   0   0   0   0   0   0   1
81    1   0   0   0   0   0   0   0
82    0   0   0   0   0   0   0   1
83    1   0   0   0   0   0   0   0
84    1   0   0   0   0   0   0   0
85    1   0   0   0   0   0   0   0
86    1   0   0   0   0   0   0   0
87    0   0   1   0   0   0   0   0
88    0   0   0   0   0   0   0   1
89    0   0   1   0   0   0   0   0
90    0   0   1   0   0   0   0   0
91    0   0   1   0   0   0   0   0
92    1   0   0   0   0   0   0   0
93    0   0   0   1   0   0   0   0
94    0   0   0   0   0   0   0   1
95    0   0   0   0   0   0   1   0
96    0   0   0   0   1   0   0   0
97    0   1   0   0   0   0   0   0
98    0   0   0   1   0   0   0   0
99    0   0   0   1   0   0   0   0
100   0   1   0   0   0   0   0   0
101   0   0   0   0   0   0   0   1
102   0   0   1   0   0   0   0   0
103   0   0   1   0   0   0   0   0
104   0   0   1   0   0   0   0   0
105   0   0   0   0   0   0   0   1
106   1   0   0   0   0   0   0   0
107   0   0   0   0   0   0   0   1
108   0   1   0   0   0   0   0   0
109   1   0   0   0   0   0   0   0
110   1   0   0   0   0   0   0   0
111   0   0   0   0   0   0   0   1
112   0   0   0   0   0   0   0   1
113   0   0   1   0   0   0   0   0
114   0   0   1   0   0   0   0   0
115   0   0   1   0   0   0   0   0
116   0   0   1   0   0   0   0   0
117   1   0   0   0   0   0   0   0
118   0   0   0   1   0   0   0   0
119   0   0   1   0   0   0   0   0
120   0   0   1   0   0   0   0   0
121   0   0   1   0   0   0   0   0
122   0   0   1   0   0   0   0   0
123   0   1   0   0   0   0   0   0
124   0   0   0   0   0   1   0   0
125   0   0   1   0   0   0   0   0
126   0   0   0   0   1   0   0   0
127   0   0   1   0   0   0   0   0
128   0   0   0   0   1   0   0   0
129   1   0   0   0   0   0   0   0
130   0   0   0   0   1   0   0   0
131   1   0   0   0   0   0   0   0
132   1   0   0   0   0   0   0   0
133   1   0   0   0   0   0   0   0
134   0   0   1   0   0   0   0   0
135   0   0   1   0   0   0   0   0
136   0   0   1   0   0   0   0   0
137   0   0   1   0   0   0   0   0
138   0   0   0   0   0   1   0   0
139   0   1   0   0   0   0   0   0
140   1   0   0   0   0   0   0   0
141   0   0   1   0   0   0   0   0
142   0   0   0   0   0   1   0   0
143   0   0   0   0   0   0   0   1
144   0   1   0   0   0   0   0   0
145   0   0   0   1   0   0   0   0
146   1   0   0   0   0   0   0   0
147   0   0   0   0   0   0   0   1
148   0   0   1   0   0   0   0   0
149   0   0   0   0   0   0   0   1
150   0   0   0   0   0   0   0   1
151   0   0   0   1   0   0   0   0
152   0   0   1   0   0   0   0   0
153   1   0   0   0   0   0   0   0
154   0   0   0   0   1   0   0   0
155   1   0   0   0   0   0   0   0
156   0   0   0   0   1   0   0   0
157   1   0   0   0   0   0   0   0
158   0   0   0   0   0   0   0   1
159   0   0   0   0   0   1   0   0
160   0   0   1   0   0   0   0   0
161   0   0   0   0   0   1   0   0
162   0   0   0   0   0   1   0   0
163   0   0   0   0   0   1   0   0
164   0   1   0   0   0   0   0   0
165   0   0   0   1   0   0   0   0
166   0   0   0   0   0   0   0   1
167   0   0   0   0   0   0   0   1
168   0   0   1   0   0   0   0   0
169   1   0   0   0   0   0   0   0
170   0   0   1   0   0   0   0   0
171   0   0   0   0   0   1   0   0
172   0   0   0   1   0   0   0   0
173   0   0   0   1   0   0   0   0
174   0   0   1   0   0   0   0   0
175   0   0   1   0   0   0   0   0
176   1   0   0   0   0   0   0   0
177   1   0   0   0   0   0   0   0
178   1   0   0   0   0   0   0   0
179   0   0   1   0   0   0   0   0
180   1   0   0   0   0   0   0   0
181   1   0   0   0   0   0   0   0
182   1   0   0   0   0   0   0   0
183   1   0   0   0   0   0   0   0
184   1   0   0   0   0   0   0   0
185   0   0   1   0   0   0   0   0
186   1   0   0   0   0   0   0   0
187   1   0   0   0   0   0   0   0
188   0   0   1   0   0   0   0   0
189   0   0   0   0   0   1   0   0
190   0   0   0   0   0   1   0   0
191   0   0   0   0   0   0   1   0
;

objective = 0

