CPLEX 12.8.0.0: time=600
CPLEX 12.8.0.0: optimal integer solution; objective 1
59 MIP simplex iterations
0 branch-and-bound nodes
No basis.
colors [*,*]
:    0   1   2   3    :=
0    1   0   0   0
1    0   0   0   1
2    1   0   0   0
3    0   0   0   1
4    0   1   0   0
5    1   0   0   0
6    0   0   0   1
7    0   1   0   0
8    0   0   0   1
9    0   1   0   0
10   1   0   0   0
11   1   0   0   0
12   0   0   1   0
13   0   0   1   0
14   0   0   0   1
15   0   1   0   0
16   0   0   1   0
17   0   0   1   0
18   0   0   1   0
19   0   0   0   1
20   0   0   1   0
21   0   0   1   0
22   0   0   1   0
23   1   0   0   0
;

objective = 1

