Seed is: 1529898207
------------------------------------------------
Total value: 38667
Total cost: 31067

0  305 205
1  101 1
2  219 119
4  287 187
7  790 690
8  122 22
13  222 122
14  830 730
15  586 486
16  805 705
17  923 823
18  332 232
19  563 463
20  654 554
21  689 589
23  425 325
27  876 776
28  376 276
29  223 123
30  431 331
32  461 361
33  405 305
36  527 427
37  745 645
38  539 439
39  239 139
40  191 91
41  347 247
42  750 650
43  311 211
44  110 10
45  200 100
46  938 838
49  860 760
50  943 843
51  876 776
52  237 137
53  575 475
57  201 101
58  199 99
59  381 281
61  851 751
62  919 819
63  630 530
65  340 240
66  1075 975
67  348 248
71  131 31
72  684 584
73  713 613
74  448 348
76  575 475
77  467 367
79  812 712
80  741 641
84  350 250
85  924 824
86  491 391
87  342 242
88  201 101
92  187 87
93  875 775
94  752 652
97  437 337
98  154 54
104  229 129
105  326 226
108  613 513
109  1021 921
110  301 201
112  327 227
114  182 82
116  396 296
119  809 709
122  1043 943
125  179 79

