Seed is: 1529900007
------------------------------------------------
Total value: 75961
Total cost: 61561

0  670 570
1  101 1
2  219 119
3  996 896
4  287 187
6  1097 997
8  122 22
9  713 613
10  447 347
13  222 122
14  830 730
15  586 486
17  923 823
19  563 463
20  654 554
22  775 675
24  1070 970
26  507 407
27  876 776
28  376 276
29  223 123
30  431 331
31  456 356
32  461 361
35  147 47
36  527 427
37  745 645
40  191 91
41  347 247
43  311 211
44  110 10
45  200 100
47  727 627
48  825 725
53  575 475
56  818 718
58  199 99
59  381 281
60  709 609
64  197 97
68  326 226
71  131 31
72  684 584
74  448 348
78  278 178
79  812 712
82  998 898
83  257 157
84  350 250
85  924 824
86  491 391
87  342 242
88  201 101
92  187 87
95  471 371
98  154 54
99  985 885
101  304 204
105  326 226
108  613 513
110  301 201
114  182 82
115  1059 959
116  396 296
119  809 709
122  1043 943
125  179 79
129  461 361
131  1047 947
132  1004 904
134  500 400
135  1037 937
136  350 250
137  854 754
138  686 586
139  972 872
140  731 631
142  852 752
143  559 459
146  642 542
147  241 141
149  211 111
153  106 6
155  255 155
158  279 179
161  767 667
162  195 95
164  698 598
169  470 370
170  137 37
171  923 823
172  998 898
174  1023 923
175  156 56
180  146 46
181  789 689
183  1033 933
184  216 116
185  909 809
187  687 587
188  703 603
189  786 686
190  294 194
191  566 466
193  456 356
195  884 784
196  152 52
198  910 810
199  323 223
200  360 260
201  641 541
202  297 197
204  313 213
206  562 462
207  162 62
211  252 152
212  369 269
213  1013 913
214  260 160
217  349 249
218  274 174
219  287 187
222  214 114
224  512 412
225  619 519
226  1005 905
227  156 56
231  651 551
232  625 525
233  228 128
235  912 812
236  760 660
237  853 753
238  249 149
239  644 544
240  864 764
241  784 684
242  496 396
248  484 384
249  215 115
251  138 38
253  545 445
254  276 176
255  719 619

