Seed is: 1529897306
------------------------------------------------
Total value: 18525
Total cost: 15125

1  101 1
2  219 119
3  996 896
4  287 187
5  467 367
8  122 22
9  713 613
11  974 874
12  622 522
14  830 730
17  923 823
18  332 232
20  654 554
23  425 325
24  1070 970
26  507 407
27  876 776
29  223 123
30  431 331
31  456 356
32  461 361
40  191 91
41  347 247
44  110 10
45  200 100
47  727 627
48  825 725
49  860 760
50  943 843
52  237 137
54  1077 977
57  201 101
58  199 99
62  919 819

