Seed is: 1529900607
------------------------------------------------
Total value: 3138654
Total cost: 2571654

1  1001 1
3  2896 1896
4  8187 7187
8  2022 1022
9  8613 7613
16  1705 705
19  9463 8463
23  6325 5325
24  10970 9970
25  5000 4000
29  3123 2123
30  8331 7331
31  8356 7356
32  9361 8361
33  9305 8305
36  1427 427
40  2091 1091
41  6247 5247
44  7010 6010
48  2725 1725
49  4760 3760
50  4843 3843
51  5776 4776
52  7137 6137
53  7475 6475
55  1937 937
57  3101 2101
58  4099 3099
62  10819 9819
63  4530 3530
64  7097 6097
65  10240 9240
66  1975 975
70  3241 2241
71  7031 6031
72  6584 5584
73  8613 7613
74  2348 1348
79  9712 8712
80  2641 1641
81  10410 9410
85  5824 4824
86  4391 3391
89  4472 3472
90  4636 3636
92  2087 1087
95  3371 2371
97  2337 1337
98  3054 2054
100  2509 1509
102  3989 2989
105  8226 7226
106  9597 8597
108  3513 2513
109  9921 8921
110  4201 3201
112  2227 1227
113  8112 7112
115  3959 2959
116  1296 296
120  4537 3537
121  2940 1940
122  3943 2943
124  3997 2997
125  1079 79
126  8642 7642
127  1922 922
129  9361 8361
130  8551 7551
132  8904 7904
133  9861 8861
135  10937 9937
137  4754 3754
138  7586 6586
139  10872 9872
140  3631 2631
142  6752 5752
145  1390 390
146  2542 1542
148  10576 9576
149  7111 6111
150  7550 6550
154  7702 6702
156  3020 2020
158  4179 3179
159  5723 4723
160  2770 1770
161  1667 667
162  3095 2095
163  5829 4829
168  5239 4239
170  7037 6037
175  2056 1056
176  6261 5261
178  1786 786
179  10681 9681
180  1046 46
182  7438 6438
187  8587 7587
188  4603 3603
189  6686 5686
194  4545 3545
199  7223 6223
201  6541 5541
204  4213 3213
206  10462 9462
207  9062 8062
212  1269 269
213  7913 6913
215  1267 267
218  1174 174
219  9187 8187
220  2700 1700
221  7174 6174
222  1114 114
224  10412 9412
225  5519 4519
227  1056 56
228  10109 9109
229  6381 5381
230  2369 1369
231  6551 5551
233  2128 1128
234  4987 3987
236  3660 2660
238  9149 8149
241  3684 2684
249  3115 2115
250  7981 6981
251  6038 5038
252  6483 5483
253  5445 4445
254  5176 4176
255  2619 1619
259  4896 3896
260  6446 5446
261  9658 8658
263  6306 5306
265  10806 9806
266  10229 9229
267  7800 6800
270  5723 4723
272  2771 1771
273  10300 9300
274  8329 7329
276  7279 6279
277  9751 8751
279  5126 4126
280  4262 3262
282  5802 4802
284  7861 6861
287  10308 9308
291  7677 6677
292  6290 5290
294  1296 296
295  5292 4292
296  1172 172
298  1158 158
299  8295 7295
300  5241 4241
305  10321 9321
307  5981 4981
309  4797 3797
310  8145 7145
311  2507 1507
312  1819 819
314  6672 5672
318  9645 8645
319  3076 2076
321  5022 4022
324  6014 5014
325  1866 866
326  1975 975
331  6243 5243
332  3511 2511
334  1767 767
335  1326 326
336  5579 4579
339  2662 1662
340  9119 8119
341  4017 3017
342  1829 829
344  4858 3858
349  10123 9123
350  10028 9028
351  9182 8182
352  1269 269
353  7554 6554
354  5113 4113
355  1421 421
356  4293 3293
362  10237 9237
365  4624 3624
366  9117 8117
367  7961 6961
369  7055 6055
372  3722 2722
374  10710 9710
375  9921 8921
380  1618 618
382  5129 4129
383  7062 6062
385  1573 573
387  4568 3568
388  2604 1604
390  7035 6035
396  5411 4411
398  5426 4426
399  10763 9763
400  6104 5104
401  1568 568
402  1208 208
403  10681 9681
404  1542 542
405  7814 6814
406  4248 3248
408  1237 237
412  4678 3678
414  2392 1392
416  10516 9516
417  8059 7059
418  8422 7422
419  10352 9352
421  4678 3678
423  9885 8885
424  2097 1097
426  5378 4378
428  10362 9362
429  4411 3411
430  4124 3124
432  8376 7376
435  3082 2082
436  4680 3680
437  8399 7399
438  7679 6679
440  4330 3330
441  8636 7636
443  7983 6983
444  2345 1345
446  7181 6181
447  9120 8120
448  9576 8576
451  2808 1808
453  4004 3004
454  2122 1122
455  3391 2391
456  7158 6158
458  3476 2476
460  7873 6873
461  2958 1958
462  2477 1477
464  6857 5857
465  4717 3717
466  7681 6681
467  8359 7359
469  9895 8895
470  9167 8167
473  3504 2504
474  4134 3134
476  9198 8198
478  4219 3219
480  1151 151
481  3341 2341
483  8965 7965
485  10859 9859
488  7191 6191
490  9652 8652
491  8135 7135
492  9293 8293
493  1390 390
496  2319 1319
501  7906 6906
502  2011 1011
503  8171 7171
504  1526 526
505  5437 4437
506  1335 335
509  2142 1142
512  4701 3701
513  3265 2265
514  4409 3409
515  10762 9762
517  4319 3319
518  10356 9356
519  8780 7780
523  3033 2033
524  8977 7977
525  2720 1720
526  1782 782
527  4887 3887
528  2974 1974
529  8907 7907
530  9116 8116
531  1551 551
537  8679 7679
541  10168 9168
542  1222 222
543  4654 3654
548  8611 7611
549  2260 1260
551  8112 7112
552  6766 5766
553  1450 450
554  4771 3771
555  5925 4925
558  4791 3791
560  3850 2850
561  9875 8875
562  7635 6635
566  7050 6050
568  6426 5426
569  6435 5435
572  7093 6093
574  2185 1185
575  4351 3351
577  6582 5582
579  4032 3032
581  5901 4901
582  9992 8992
584  6188 5188
585  6494 5494
588  5620 4620
589  8602 7602
590  2927 1927
593  7147 6147
594  10711 9711
595  2418 1418
596  4271 3271
599  10219 9219
602  6892 5892
603  2340 1340
606  3063 2063
608  9017 8017
609  8109 7109
610  1781 781
611  6343 5343
612  10958 9958
614  1985 985
616  7509 6509
617  9522 8522
619  9897 8897
621  1514 514
622  6819 5819
623  1986 986
630  3981 2981
632  6742 5742
635  3067 2067
637  2503 1503
639  7556 6556
641  5716 4716
645  7471 6471
646  5080 4080
647  3517 2517
648  6479 5479
649  6105 5105
651  6153 5153
653  6140 5140
655  6886 5886
656  8645 7645
657  3692 2692
658  7764 6764
660  9950 8950
662  2421 1421
668  3698 2698
670  8879 7879
672  4009 3009
673  9372 8372
674  7015 6015
675  4132 3132
677  3856 2856
678  8883 7883
679  10453 9453
681  8503 7503
682  2089 1089
683  7539 6539
684  4916 3916
685  6819 5819
689  6430 5430
692  5532 4532
693  1696 696
695  4597 3597
696  4458 3458
698  8637 7637
699  7052 6052
702  10290 9290
704  5045 4045
706  7638 6638
707  8546 7546
708  6406 5406
710  4324 3324
712  2146 1146
714  8181 7181
715  6283 5283
716  4367 3367
717  8917 7917
718  7501 6501
723  5511 4511
724  6963 5963
728  2121 1121
729  3392 2392
730  2584 1584
731  1646 646
732  6418 5418
736  10788 9788
737  9989 8989
738  3906 2906
740  10352 9352
743  3699 2699
745  5386 4386
747  2229 1229
754  8767 7767
755  1495 495
757  10674 9674
758  2475 1475
759  7255 6255
761  1352 352
762  10612 9612
763  2588 1588
764  3858 2858
766  1929 929
768  7467 6467
769  3325 2325
770  1025 25
771  1167 167
772  5593 4593
773  9550 8550
776  7557 6557
777  1478 478
779  7892 6892
780  2776 1776
783  7991 6991
785  1988 988
788  4030 3030
789  8123 7123
791  2086 1086
793  1070 70
794  4741 3741
796  3037 2037
799  6163 5163
800  2828 1828
801  4119 3119
802  1063 63
803  6774 5774
804  4246 3246
806  9383 8383
808  7115 6115
809  1386 386
810  2163 1163
812  7853 6853
813  4541 3541
814  1458 458
815  7152 6152
816  2160 1160
817  10143 9143
818  3227 2227
820  7370 6370
821  8047 7047
822  4918 3918
823  4574 3574
826  4416 3416
828  7366 6366
830  9176 8176
832  4588 3588
833  7320 6320
834  1462 462
836  1562 562
839  1709 709
840  3017 2017
842  6884 5884
844  7155 6155
845  2286 1286
846  3560 2560
849  2907 1907
851  8743 7743
854  6775 5775
855  5843 4843
857  1794 794
858  10872 9872
859  9524 8524
864  1888 888
865  1491 491
866  2740 1740
869  9893 8893
870  3482 2482
871  9396 8396
872  9042 8042
873  4025 3025
877  2638 1638
878  1130 130
879  1590 590
881  2090 1090
883  2506 1506
884  9763 8763
885  6615 5615
888  9399 8399
889  4920 3920
890  7185 6185
892  6659 5659
893  2839 1839
896  1834 834
897  1052 52
899  2145 1145
900  2201 1201
904  6572 5572
906  7623 6623
907  1993 993
910  5228 4228
912  1987 987
913  5218 4218
914  7602 6602
915  5535 4535
917  9156 8156
918  6228 5228
923  10380 9380
926  9449 8449
927  1017 17
935  1336 336
936  8106 7106
937  10244 9244
939  8672 7672
940  3535 2535
941  6582 5582
942  6226 5226
943  7052 6052
944  6836 5836
945  8487 7487
947  5355 4355
949  5547 4547
950  5783 4783
951  5736 4736
952  2572 1572
953  2256 1256
955  1108 108
956  8251 7251
964  6678 5678
966  7904 6904
969  2585 1585
970  2424 1424
971  4229 3229
975  1469 469
976  3749 2749
978  2436 1436
980  10949 9949
982  7731 6731
983  4090 3090
985  7754 6754
987  3267 2267
988  4329 3329
989  10223 9223
990  2389 1389
991  1928 928
992  1547 547
993  3015 2015
994  5546 4546
1000  10866 9866
1001  2078 1078
1002  1357 357
1005  1349 349
1006  4729 3729
1007  5219 4219
1010  1556 556
1012  4807 3807
1014  6316 5316
1015  5245 4245
1017  2382 1382
1019  1534 534
1022  4381 3381

