Seed is: 1529897606
------------------------------------------------
Total value: 1604435
Total cost: 1321435

1  1001 1
3  2896 1896
5  8367 7367
6  1997 997
8  2022 1022
9  8613 7613
11  7874 6874
12  6522 5522
13  9122 8122
14  9730 8730
15  4486 3486
16  1705 705
18  10232 9232
20  4554 3554
21  5589 4589
22  10675 9675
23  6325 5325
26  10407 9407
28  5276 4276
29  3123 2123
30  8331 7331
31  8356 7356
32  9361 8361
33  9305 8305
37  10645 9645
39  9139 8139
40  2091 1091
46  6838 5838
47  3627 2627
49  4760 3760
50  4843 3843
54  5977 4977
55  1937 937
58  4099 3099
62  10819 9819
63  4530 3530
64  7097 6097
66  1975 975
67  7248 6248
68  8226 7226
69  4768 3768
74  2348 1348
78  6178 5178
79  9712 8712
80  2641 1641
82  7898 6898
83  9157 8157
87  9242 8242
89  4472 3472
90  4636 3636
92  2087 1087
97  2337 1337
98  3054 2054
100  2509 1509
101  7204 6204
103  6594 5594
105  8226 7226
106  9597 8597
108  3513 2513
110  4201 3201
114  5082 4082
116  1296 296
117  1392 392
119  6709 5709
120  4537 3537
121  2940 1940
122  3943 2943
123  8943 7943
128  9205 8205
133  9861 8861
136  2250 1250
138  7586 6586
140  3631 2631
141  5636 4636
144  10510 9510
145  1390 390
147  10141 9141
148  10576 9576
149  7111 6111
150  7550 6550
151  1588 588
153  9006 8006
156  3020 2020
157  3723 2723
158  4179 3179
161  1667 667
162  3095 2095
164  2598 1598
166  7885 6885
167  2590 1590
168  5239 4239
172  10898 9898
175  2056 1056
176  6261 5261
180  1046 46
181  7689 6689
182  7438 6438
183  7933 6933
184  3116 2116
185  9809 8809
186  7503 6503
188  4603 3603
191  7466 6466
192  3341 2341
193  9356 8356
195  1784 784
196  9052 8052
197  8862 7862
200  3260 2260
201  6541 5541
203  7061 6061
204  4213 3213
205  2416 1416
207  9062 8062
208  8062 7062
210  9203 8203
211  7152 6152
213  7913 6913
214  9160 8160
215  1267 267
218  1174 174
219  9187 8187
220  2700 1700
221  7174 6174
222  1114 114
225  5519 4519
226  6905 5905
227  1056 56
230  2369 1369
232  6525 5525
234  4987 3987
236  3660 2660
237  2753 1753
238  9149 8149
240  4764 3764
241  3684 2684
243  7830 6830
245  9725 8725
248  1384 384
249  3115 2115
253  5445 4445
254  5176 4176
256  1570 570
258  7891 6891
260  6446 5446
261  9658 8658
263  6306 5306
264  7646 6646
265  10806 9806
269  6612 5612
274  8329 7329
276  7279 6279
278  3253 2253
279  5126 4126
280  4262 3262
281  4603 3603
282  5802 4802
288  8131 7131
291  7677 6677
292  6290 5290
293  3863 2863
294  1296 296
297  3444 2444
298  1158 158
299  8295 7295
300  5241 4241
302  10301 9301
303  10072 9072
304  1958 958
306  1694 694
310  8145 7145
312  1819 819
313  2715 1715
315  2512 1512
316  1638 638
318  9645 8645
323  9643 8643
324  6014 5014
325  1866 866
326  1975 975
327  2074 1074
329  6508 5508
333  7776 6776
334  1767 767
335  1326 326
337  6694 5694
338  2496 1496
339  2662 1662
340  9119 8119
341  4017 3017
343  6654 5654
347  9662 8662
348  5801 4801
351  9182 8182
354  5113 4113
355  1421 421
356  4293 3293
359  7470 6470
361  5077 4077
362  10237 9237
365  4624 3624
366  9117 8117
370  3042 2042
371  6254 5254
372  3722 2722
373  1880 880
375  9921 8921
377  7809 6809
378  5800 4800
379  6680 5680
380  1618 618
381  9554 8554
383  7062 6062
384  9887 8887
385  1573 573
390  7035 6035
392  10963 9963
396  5411 4411
397  2067 1067
399  10763 9763
400  6104 5104
401  1568 568
402  1208 208
403  10681 9681
404  1542 542
405  7814 6814
407  3514 2514
408  1237 237
409  7326 6326
411  5041 4041
415  6192 5192
418  8422 7422
420  6582 5582
424  2097 1097
428  10362 9362
429  4411 3411
433  3535 2535
434  4167 3167
435  3082 2082
439  4412 3412
440  4330 3330
444  2345 1345
445  8360 7360
446  7181 6181
447  9120 8120
448  9576 8576
449  10870 9870
450  5698 4698
452  8312 7312
453  4004 3004
454  2122 1122
456  7158 6158
457  9810 8810
458  3476 2476
461  2958 1958
463  7209 6209
464  6857 5857
468  4003 3003
470  9167 8167
473  3504 2504
474  4134 3134
475  1588 588
478  4219 3219
479  9323 8323
480  1151 151
481  3341 2341
482  6717 5717
488  7191 6191
492  9293 8293
493  1390 390
494  10090 9090
495  10780 9780
497  2496 1496
498  7516 6516
499  6001 5001
500  4156 3156
502  2011 1011
504  1526 526
505  5437 4437
506  1335 335
507  10164 9164
508  8074 7074
509  2142 1142

